{"total": {"lines":{"total":1257,"covered":938,"skipped":0,"pct":74.62},"statements":{"total":1257,"covered":938,"skipped":0,"pct":74.62},"functions":{"total":77,"covered":57,"skipped":0,"pct":74.02},"branches":{"total":147,"covered":113,"skipped":0,"pct":76.87},"branchesTrue":{"total":0,"covered":0,"skipped":0,"pct":100}}
,"/home/t/projects/tenderly-mcp-server/vitest.config.ts": {"lines":{"total":12,"covered":12,"skipped":0,"pct":100},"functions":{"total":0,"covered":0,"skipped":0,"pct":100},"statements":{"total":12,"covered":12,"skipped":0,"pct":100},"branches":{"total":0,"covered":0,"skipped":0,"pct":100}}
,"/home/t/projects/tenderly-mcp-server/src/config.ts": {"lines":{"total":93,"covered":75,"skipped":0,"pct":80.64},"functions":{"total":1,"covered":1,"skipped":0,"pct":100},"statements":{"total":93,"covered":75,"skipped":0,"pct":80.64},"branches":{"total":7,"covered":3,"skipped":0,"pct":42.85}}
,"/home/t/projects/tenderly-mcp-server/src/schemas.ts": {"lines":{"total":138,"covered":136,"skipped":0,"pct":98.55},"functions":{"total":8,"covered":1,"skipped":0,"pct":12.5},"statements":{"total":138,"covered":136,"skipped":0,"pct":98.55},"branches":{"total":3,"covered":3,"skipped":0,"pct":100}}
,"/home/t/projects/tenderly-mcp-server/src/client/evm-rpc.ts": {"lines":{"total":125,"covered":114,"skipped":0,"pct":91.2},"functions":{"total":8,"covered":8,"skipped":0,"pct":100},"statements":{"total":125,"covered":114,"skipped":0,"pct":91.2},"branches":{"total":26,"covered":20,"skipped":0,"pct":76.92}}
,"/home/t/projects/tenderly-mcp-server/src/client/megaeth.ts": {"lines":{"total":496,"covered":245,"skipped":0,"pct":49.39},"functions":{"total":26,"covered":16,"skipped":0,"pct":61.53},"statements":{"total":496,"covered":245,"skipped":0,"pct":49.39},"branches":{"total":44,"covered":32,"skipped":0,"pct":72.72}}
,"/home/t/projects/tenderly-mcp-server/src/client/tenderly.ts": {"lines":{"total":34,"covered":30,"skipped":0,"pct":88.23},"functions":{"total":3,"covered":3,"skipped":0,"pct":100},"statements":{"total":34,"covered":30,"skipped":0,"pct":88.23},"branches":{"total":7,"covered":5,"skipped":0,"pct":71.42}}
,"/home/t/projects/tenderly-mcp-server/src/operations/alerts.ts": {"lines":{"total":25,"covered":18,"skipped":0,"pct":72},"functions":{"total":3,"covered":2,"skipped":0,"pct":66.66},"statements":{"total":25,"covered":18,"skipped":0,"pct":72},"branches":{"total":5,"covered":4,"skipped":0,"pct":80}}
,"/home/t/projects/tenderly-mcp-server/src/operations/simulations.ts": {"lines":{"total":22,"covered":20,"skipped":0,"pct":90.9},"functions":{"total":2,"covered":2,"skipped":0,"pct":100},"statements":{"total":22,"covered":20,"skipped":0,"pct":90.9},"branches":{"total":5,"covered":4,"skipped":0,"pct":80}}
,"/home/t/projects/tenderly-mcp-server/src/operations/evm/megaeth.ts": {"lines":{"total":222,"covered":200,"skipped":0,"pct":90.09},"functions":{"total":18,"covered":16,"skipped":0,"pct":88.88},"statements":{"total":222,"covered":200,"skipped":0,"pct":90.09},"branches":{"total":29,"covered":22,"skipped":0,"pct":75.86}}
,"/home/t/projects/tenderly-mcp-server/src/operations/evm/rpc.ts": {"lines":{"total":44,"covered":42,"skipped":0,"pct":95.45},"functions":{"total":4,"covered":4,"skipped":0,"pct":100},"statements":{"total":44,"covered":42,"skipped":0,"pct":95.45},"branches":{"total":10,"covered":9,"skipped":0,"pct":90}}
,"/home/t/projects/tenderly-mcp-server/src/operations/evm/zircuit.ts": {"lines":{"total":46,"covered":46,"skipped":0,"pct":100},"functions":{"total":4,"covered":4,"skipped":0,"pct":100},"statements":{"total":46,"covered":46,"skipped":0,"pct":100},"branches":{"total":11,"covered":11,"skipped":0,"pct":100}}
}
